{
  "stats": {
    "suites": 1,
    "tests": 3,
    "passes": 3,
    "pending": 0,
    "failures": 0,
    "start": "2024-02-11T07:24:43.148Z",
    "end": "2024-02-11T07:24:43.908Z",
    "duration": 760,
    "testsRegistered": 3,
    "passPercent": 100,
    "pendingPercent": 0,
    "other": 0,
    "hasOther": false,
    "skipped": 0,
    "hasSkipped": false
  },
  "results": [
    {
      "uuid": "2ddcd285-6190-49b0-9c2d-4f33f612cdbe",
      "title": "",
      "fullFile": "cypress\\e2e\\home.cy.ts",
      "file": "cypress\\e2e\\home.cy.ts",
      "beforeHooks": [],
      "afterHooks": [],
      "tests": [],
      "suites": [
        {
          "uuid": "90096a88-f45a-4318-a456-c23a17f7bcec",
          "title": "Ponyracer",
          "fullFile": "",
          "file": "",
          "beforeHooks": [],
          "afterHooks": [],
          "tests": [
            {
              "title": "should display title on home page",
              "fullTitle": "Ponyracer should display title on home page",
              "timedOut": null,
              "duration": 344,
              "state": "passed",
              "speed": "fast",
              "pass": true,
              "fail": false,
              "pending": false,
              "context": null,
              "code": "cy.visit('/');\ncy.contains('h1', 'Ponyracer');",
              "err": {},
              "uuid": "19e0df6d-ac1f-44eb-82d0-9963da724ac4",
              "parentUUID": "90096a88-f45a-4318-a456-c23a17f7bcec",
              "isHook": false,
              "skipped": false
            },
            {
              "title": "should display a navbar",
              "fullTitle": "Ponyracer should display a navbar",
              "timedOut": null,
              "duration": 137,
              "state": "passed",
              "speed": "fast",
              "pass": true,
              "fail": false,
              "pending": false,
              "context": null,
              "code": "cy.visit('/');\ncy.contains(navbarBrand, 'PonyRacer');\ncy.contains(navbarLink, 'Races');",
              "err": {},
              "uuid": "12e9ec0f-d377-48dc-8325-2cb754d18d09",
              "parentUUID": "90096a88-f45a-4318-a456-c23a17f7bcec",
              "isHook": false,
              "skipped": false
            },
            {
              "title": "should display a navbar collapsed on small screen",
              "fullTitle": "Ponyracer should display a navbar collapsed on small screen",
              "timedOut": null,
              "duration": 222,
              "state": "passed",
              "speed": "fast",
              "pass": true,
              "fail": false,
              "pending": false,
              "context": null,
              "code": "cy.viewport('iphone-6+');\ncy.visit('/');\ncy.contains(navbarBrand, 'PonyRacer');\ncy.get(navbarLink).should('not.be.visible');\n// toggle the navbar\ncy.get('.navbar-toggler').click();\ncy.get(navbarLink).should('be.visible');",
              "err": {},
              "uuid": "cad22d43-a76b-4c66-99a0-6c9686da3a1e",
              "parentUUID": "90096a88-f45a-4318-a456-c23a17f7bcec",
              "isHook": false,
              "skipped": false
            }
          ],
          "suites": [],
          "passes": [
            "19e0df6d-ac1f-44eb-82d0-9963da724ac4",
            "12e9ec0f-d377-48dc-8325-2cb754d18d09",
            "cad22d43-a76b-4c66-99a0-6c9686da3a1e"
          ],
          "failures": [],
          "pending": [],
          "skipped": [],
          "duration": 703,
          "root": false,
          "rootEmpty": false,
          "_timeout": 2000
        }
      ],
      "passes": [],
      "failures": [],
      "pending": [],
      "skipped": [],
      "duration": 0,
      "root": true,
      "rootEmpty": true,
      "_timeout": 2000
    }
  ],
  "meta": {
    "mocha": {
      "version": "7.0.1"
    },
    "mochawesome": {
      "options": {
        "quiet": false,
        "reportFilename": "mochawesome",
        "saveHtml": false,
        "saveJson": true,
        "consoleReporter": "spec",
        "useInlineDiffs": false,
        "code": true
      },
      "version": "7.1.3"
    },
    "marge": {
      "options": {
        "reportDir": "results/mochawesome",
        "overwrite": false,
        "html": false,
        "json": true
      },
      "version": "6.2.0"
    }
  }
}